<?xml version="1.0" encoding="UTF-8"?>
<testsuite xmlns:xsi="http://www.w3.org/2001/XMLSchema-instance" xsi:noNamespaceSchemaLocation="https://maven.apache.org/surefire/maven-surefire-plugin/xsd/surefire-test-report.xsd" name="com.pluralsight.tddjunit5.airport.AirportTest" time="0.02" tests="5" errors="0" skipped="0" failures="0">
  <properties>
    <property name="sun.desktop" value="gnome"/>
    <property name="awt.toolkit" value="sun.awt.X11.XToolkit"/>
    <property name="file.encoding.pkg" value="sun.io"/>
    <property name="java.specification.version" value="1.8"/>
    <property name="sun.cpu.isalist" value=""/>
    <property name="sun.jnu.encoding" value="UTF-8"/>
    <property name="java.class.path" value="/home/pav/dev/repository/test/trainings/tdd/airport/target/test-classes:/home/pav/dev/repository/test/trainings/tdd/airport/target/classes:/home/pav/.m2/repository/org/junit/jupiter/junit-jupiter-api/5.0.1/junit-jupiter-api-5.0.1.jar:/home/pav/.m2/repository/org/opentest4j/opentest4j/1.0.0/opentest4j-1.0.0.jar:/home/pav/.m2/repository/org/junit/platform/junit-platform-commons/1.0.1/junit-platform-commons-1.0.1.jar:/home/pav/.m2/repository/org/junit/jupiter/junit-jupiter-engine/5.0.1/junit-jupiter-engine-5.0.1.jar:/home/pav/.m2/repository/org/junit/platform/junit-platform-engine/1.0.1/junit-platform-engine-1.0.1.jar:"/>
    <property name="java.vm.vendor" value="Oracle Corporation"/>
    <property name="sun.arch.data.model" value="64"/>
    <property name="java.vendor.url" value="http://java.oracle.com/"/>
    <property name="user.timezone" value=""/>
    <property name="java.vm.specification.version" value="1.8"/>
    <property name="os.name" value="Linux"/>
    <property name="user.country" value="HK"/>
    <property name="sun.java.launcher" value="SUN_STANDARD"/>
    <property name="sun.boot.library.path" value="/home/pav/devtools/jdk1.8.0_191/jre/lib/amd64"/>
    <property name="sun.java.command" value="/home/pav/dev/repository/test/trainings/tdd/airport/target/surefire/surefirebooter1437547065714604309.jar /home/pav/dev/repository/test/trainings/tdd/airport/target/surefire 2018-12-08T17-12-08_413-jvmRun1 surefire9120350228992899665tmp surefire_04094465107036386991tmp"/>
    <property name="surefire.test.class.path" value="/home/pav/dev/repository/test/trainings/tdd/airport/target/test-classes:/home/pav/dev/repository/test/trainings/tdd/airport/target/classes:/home/pav/.m2/repository/org/junit/jupiter/junit-jupiter-api/5.0.1/junit-jupiter-api-5.0.1.jar:/home/pav/.m2/repository/org/opentest4j/opentest4j/1.0.0/opentest4j-1.0.0.jar:/home/pav/.m2/repository/org/junit/platform/junit-platform-commons/1.0.1/junit-platform-commons-1.0.1.jar:/home/pav/.m2/repository/org/junit/jupiter/junit-jupiter-engine/5.0.1/junit-jupiter-engine-5.0.1.jar:/home/pav/.m2/repository/org/junit/platform/junit-platform-engine/1.0.1/junit-platform-engine-1.0.1.jar:"/>
    <property name="sun.cpu.endian" value="little"/>
    <property name="user.home" value="/home/pav"/>
    <property name="user.language" value="en"/>
    <property name="java.specification.vendor" value="Oracle Corporation"/>
    <property name="java.home" value="/home/pav/devtools/jdk1.8.0_191/jre"/>
    <property name="basedir" value="/home/pav/dev/repository/test/trainings/tdd/airport"/>
    <property name="file.separator" value="/"/>
    <property name="line.separator" value="&#10;"/>
    <property name="java.vm.specification.vendor" value="Oracle Corporation"/>
    <property name="java.specification.name" value="Java Platform API Specification"/>
    <property name="java.awt.graphicsenv" value="sun.awt.X11GraphicsEnvironment"/>
    <property name="surefire.real.class.path" value="/home/pav/dev/repository/test/trainings/tdd/airport/target/surefire/surefirebooter1437547065714604309.jar:/home/pav/.m2/repository/org/jacoco/org.jacoco.agent/0.8.1/org.jacoco.agent-0.8.1-runtime.jar"/>
    <property name="sun.boot.class.path" value="/home/pav/devtools/jdk1.8.0_191/jre/lib/resources.jar:/home/pav/devtools/jdk1.8.0_191/jre/lib/rt.jar:/home/pav/devtools/jdk1.8.0_191/jre/lib/sunrsasign.jar:/home/pav/devtools/jdk1.8.0_191/jre/lib/jsse.jar:/home/pav/devtools/jdk1.8.0_191/jre/lib/jce.jar:/home/pav/devtools/jdk1.8.0_191/jre/lib/charsets.jar:/home/pav/devtools/jdk1.8.0_191/jre/lib/jfr.jar:/home/pav/devtools/jdk1.8.0_191/jre/classes"/>
    <property name="sun.management.compiler" value="HotSpot 64-Bit Tiered Compilers"/>
    <property name="java.runtime.version" value="1.8.0_191-b12"/>
    <property name="user.name" value="pav"/>
    <property name="path.separator" value=":"/>
    <property name="os.version" value="4.15.0-42-generic"/>
    <property name="java.endorsed.dirs" value="/home/pav/devtools/jdk1.8.0_191/jre/lib/endorsed"/>
    <property name="java.runtime.name" value="Java(TM) SE Runtime Environment"/>
    <property name="file.encoding" value="UTF-8"/>
    <property name="java.vm.name" value="Java HotSpot(TM) 64-Bit Server VM"/>
    <property name="localRepository" value="/home/pav/.m2/repository"/>
    <property name="java.vendor.url.bug" value="http://bugreport.sun.com/bugreport/"/>
    <property name="java.io.tmpdir" value="/tmp"/>
    <property name="idea.version" value="2018.3"/>
    <property name="java.version" value="1.8.0_191"/>
    <property name="user.dir" value="/home/pav/dev/repository/test/trainings/tdd/airport"/>
    <property name="os.arch" value="amd64"/>
    <property name="java.vm.specification.name" value="Java Virtual Machine Specification"/>
    <property name="java.awt.printerjob" value="sun.print.PSPrinterJob"/>
    <property name="sun.os.patch.level" value="unknown"/>
    <property name="java.library.path" value="/usr/java/packages/lib/amd64:/usr/lib64:/lib64:/lib:/usr/lib"/>
    <property name="java.vm.info" value="mixed mode"/>
    <property name="java.vendor" value="Oracle Corporation"/>
    <property name="java.vm.version" value="25.191-b12"/>
    <property name="java.ext.dirs" value="/home/pav/devtools/jdk1.8.0_191/jre/lib/ext:/usr/java/packages/lib/ext"/>
    <property name="sun.io.unicode.encoding" value="UnicodeLittle"/>
    <property name="java.class.version" value="52.0"/>
  </properties>
  <testcase name="testEconomyFlightUsualPassager" classname="com.pluralsight.tddjunit5.airport.AirportTest" time="0.011"/>
  <testcase name="testAirport" classname="com.pluralsight.tddjunit5.airport.AirportTest" time="0"/>
  <testcase name="testBusinessFlightVipPassager" classname="com.pluralsight.tddjunit5.airport.AirportTest" time="0.001"/>
  <testcase name="testBusinessFlightUsualPassager" classname="com.pluralsight.tddjunit5.airport.AirportTest" time="0"/>
  <testcase name="testEconomyFlightVipPassager" classname="com.pluralsight.tddjunit5.airport.AirportTest" time="0"/>
</testsuite>